app/build/outputs/logs/manifest-merger-release-report.txt
-- Merging decision tree log ---
manifest
ADDED from src\main\AndroidManifest.xml:2:1-63:12
INJECTED from src\main\AndroidManifest.xml:2:1-63:12
INJECTED from src\main\AndroidManifest.xml:2:1-63:12
INJECTED from src\main\AndroidManifest.xml:2:1-63:12
MERGED from [com.android.support:design:26.1.0] AndroidManifest.xml:17:1-31:12
MERGED from [com.android.support:appcompat-v7:26.1.0] AndroidManifest.xml:17:1-31:12
MERGED from [com.google.android.gms:play-services-ads:16.0.0] AndroidManifest.xml:17:1-25:12
MERGED from [com.android.support.constraint:constraint-layout:1.1.3] AndroidManifest.xml:2:1-11:12
MERGED from [com.google.android.gms:play-services-ads-identifier:16.0.0] AndroidManifest.xml:17:1-24:12
MERGED from [com.google.android.gms:play-services-ads-lite:16.0.0] AndroidManifest.xml:17:1-36:12
MERGED from [com.google.android.gms:play-services-gass:16.0.0] AndroidManifest.xml:2:1-9:12
MERGED from [com.google.android.gms:play-services-basement:16.0.1] AndroidManifest.xml:17:1-28:12
MERGED from [com.android.support:transition:26.1.0] AndroidManifest.xml:17:1-28:12
MERGED from [me.dm7.barcodescanner:zxing:1.9] AndroidManifest.xml:2:1-13:12
MERGED from [me.dm7.barcodescanner:core:1.9] AndroidManifest.xml:2:1-13:12
MERGED from [com.android.support:support-v4:26.1.0] AndroidManifest.xml:17:1-31:12
MERGED from [com.android.billingclient:billing:1.1] AndroidManifest.xml:2:1-19:12
MERGED from [com.android.support:animated-vector-drawable:26.1.0] AndroidManifest.xml:17:1-28:12
MERGED from [com.android.support:support-vector-drawable:26.1.0] AndroidManifest.xml:17:1-28:12
MERGED from [com.android.support:customtabs:26.1.0] AndroidManifest.xml:17:1-28:12
MERGED from [com.android.support:recyclerview-v7:26.1.0] AndroidManifest.xml:17:1-28:12
MERGED from [com.android.support:support-fragment:26.1.0] AndroidManifest.xml:17:1-31:12
MERGED from [com.android.support:support-core-ui:26.1.0] AndroidManifest.xml:17:1-31:12
MERGED from [com.android.support:support-media-compat:26.1.0] AndroidManifest.xml:17:1-31:12
MERGED from [com.android.support:support-core-utils:26.1.0] AndroidManifest.xml:17:1-31:12
MERGED from [com.android.support:support-compat:26.1.0] AndroidManifest.xml:17:1-31:12
MERGED from [com.google.android.gms:play-services-ads-base:16.0.0] AndroidManifest.xml:17:1-24:12
MERGED from [android.arch.lifecycle:runtime:1.0.0] AndroidManifest.xml:17:1-30:12
INJECTED from src\main\AndroidManifest.xml:2:1-63:12
INJECTED from src\main\AndroidManifest.xml:2:1-63:12
INJECTED from src\main\AndroidManifest.xml:2:1-63:12
	package
		ADDED from src\main\AndroidManifest.xml:3:5-40
		INJECTED from src\main\AndroidManifest.xml
		INJECTED from src\main\AndroidManifest.xml
	android:versionName
		INJECTED from src\main\AndroidManifest.xml
		ADDED from src\main\AndroidManifest.xml:2:1-63:12
		INJECTED from src\main\AndroidManifest.xml
	android:versionCode
		INJECTED from src\main\AndroidManifest.xml
		ADDED from src\main\AndroidManifest.xml:2:1-63:12
		INJECTED from src\main\AndroidManifest.xml
	xmlns:android
		ADDED from src\main\AndroidManifest.xml:2:11-69
uses-permission#android.permission.WRITE_EXTERNAL_STORAGE
ADDED from src\main\AndroidManifest.xml:5:5-81
	android:name
		ADDED from src\main\AndroidManifest.xml:5:22-78
uses-permission#android.permission.READ_EXTERNAL_STORAGE
ADDED from src\main\AndroidManifest.xml:6:5-80
	android:name
		ADDED from src\main\AndroidManifest.xml:6:22-77
uses-permission#android.permission.CAMERA
ADDED from src\main\AndroidManifest.xml:7:5-65
	android:name
		ADDED from src\main\AndroidManifest.xml:7:22-62
uses-permission#android.permission.INTERNET
ADDED from src\main\AndroidManifest.xml:8:5-67
MERGED from [com.google.android.gms:play-services-ads-lite:16.0.0] AndroidManifest.xml:23:5-67
MERGED from [com.google.android.gms:play-services-ads-lite:16.0.0] AndroidManifest.xml:23:5-67
	android:name
		ADDED from src\main\AndroidManifest.xml:8:22-64
uses-permission#com.android.vending.BILLING
ADDED from src\main\AndroidManifest.xml:9:5-67
MERGED from [com.android.billingclient:billing:1.1] AndroidManifest.xml:10:5-67
MERGED from [com.android.billingclient:billing:1.1] AndroidManifest.xml:10:5-67
	android:name
		ADDED from src\main\AndroidManifest.xml:9:22-64
uses-permission#android.permission.ACCESS_FINE_LOCATION
ADDED from src\main\AndroidManifest.xml:10:5-79
	android:name
		ADDED from src\main\AndroidManifest.xml:10:22-76
uses-permission#android.permission.ACCESS_NETWORK_STATE
ADDED from src\main\AndroidManifest.xml:11:5-79
MERGED from [com.google.android.gms:play-services-ads-lite:16.0.0] AndroidManifest.xml:24:5-79
MERGED from [com.google.android.gms:play-services-ads-lite:16.0.0] AndroidManifest.xml:24:5-79
	android:name
		ADDED from src\main\AndroidManifest.xml:11:22-76
application
ADDED from src\main\AndroidManifest.xml:13:5-61:19
MERGED from [com.android.support:design:26.1.0] AndroidManifest.xml:25:5-29:19
MERGED from [com.android.support:design:26.1.0] AndroidManifest.xml:25:5-29:19
MERGED from [com.android.support:appcompat-v7:26.1.0] AndroidManifest.xml:25:5-29:19
MERGED from [com.android.support:appcompat-v7:26.1.0] AndroidManifest.xml:25:5-29:19
MERGED from [com.android.support.constraint:constraint-layout:1.1.3] AndroidManifest.xml:9:5-20
MERGED from [com.android.support.constraint:constraint-layout:1.1.3] AndroidManifest.xml:9:5-20
MERGED from [com.google.android.gms:play-services-ads-identifier:16.0.0] AndroidManifest.xml:22:5-20
MERGED from [com.google.android.gms:play-services-ads-identifier:16.0.0] AndroidManifest.xml:22:5-20
MERGED from [com.google.android.gms:play-services-ads-lite:16.0.0] AndroidManifest.xml:26:5-34:19
MERGED from [com.google.android.gms:play-services-ads-lite:16.0.0] AndroidManifest.xml:26:5-34:19
MERGED from [com.google.android.gms:play-services-gass:16.0.0] AndroidManifest.xml:7:5-20
MERGED from [com.google.android.gms:play-services-gass:16.0.0] AndroidManifest.xml:7:5-20
MERGED from [com.google.android.gms:play-services-basement:16.0.1] AndroidManifest.xml:22:5-26:19
MERGED from [com.google.android.gms:play-services-basement:16.0.1] AndroidManifest.xml:22:5-26:19
MERGED from [com.android.support:transition:26.1.0] AndroidManifest.xml:22:5-26:19
MERGED from [com.android.support:transition:26.1.0] AndroidManifest.xml:22:5-26:19
MERGED from [me.dm7.barcodescanner:zxing:1.9] AndroidManifest.xml:11:5-20
MERGED from [me.dm7.barcodescanner:zxing:1.9] AndroidManifest.xml:11:5-20
MERGED from [me.dm7.barcodescanner:core:1.9] AndroidManifest.xml:11:5-20
MERGED from [me.dm7.barcodescanner:core:1.9] AndroidManifest.xml:11:5-20
MERGED from [com.android.support:support-v4:26.1.0] AndroidManifest.xml:25:5-29:19
MERGED from [com.android.support:support-v4:26.1.0] AndroidManifest.xml:25:5-29:19
MERGED from [com.android.billingclient:billing:1.1] AndroidManifest.xml:12:5-17:19
MERGED from [com.android.billingclient:billing:1.1] AndroidManifest.xml:12:5-17:19
MERGED from [com.android.support:animated-vector-drawable:26.1.0] AndroidManifest.xml:22:5-26:19
MERGED from [com.android.support:animated-vector-drawable:26.1.0] AndroidManifest.xml:22:5-26:19
MERGED from [com.android.support:support-vector-drawable:26.1.0] AndroidManifest.xml:22:5-26:19
MERGED from [com.android.support:support-vector-drawable:26.1.0] AndroidManifest.xml:22:5-26:19
MERGED from [com.android.support:customtabs:26.1.0] AndroidManifest.xml:22:5-26:19
MERGED from [com.android.support:customtabs:26.1.0] AndroidManifest.xml:22:5-26:19
MERGED from [com.android.support:recyclerview-v7:26.1.0] AndroidManifest.xml:22:5-26:19
MERGED from [com.android.support:recyclerview-v7:26.1.0] AndroidManifest.xml:22:5-26:19
MERGED from [com.android.support:support-fragment:26.1.0] AndroidManifest.xml:25:5-29:19
MERGED from [com.android.support:support-fragment:26.1.0] AndroidManifest.xml:25:5-29:19
MERGED from [com.android.support:support-core-ui:26.1.0] AndroidManifest.xml:25:5-29:19
MERGED from [com.android.support:support-core-ui:26.1.0] AndroidManifest.xml:25:5-29:19
MERGED from [com.android.support:support-media-compat:26.1.0] AndroidManifest.xml:25:5-29:19
MERGED from [com.android.support:support-media-compat:26.1.0] AndroidManifest.xml:25:5-29:19
MERGED from [com.android.support:support-core-utils:26.1.0] AndroidManifest.xml:25:5-29:19
MERGED from [com.android.support:support-core-utils:26.1.0] AndroidManifest.xml:25:5-29:19
MERGED from [com.android.support:support-compat:26.1.0] AndroidManifest.xml:25:5-29:19
MERGED from [com.android.support:support-compat:26.1.0] AndroidManifest.xml:25:5-29:19
MERGED from [com.google.android.gms:play-services-ads-base:16.0.0] AndroidManifest.xml:22:5-20
MERGED from [com.google.android.gms:play-services-ads-base:16.0.0] AndroidManifest.xml:22:5-20
MERGED from [android.arch.lifecycle:runtime:1.0.0] AndroidManifest.xml:24:5-28:19
MERGED from [android.arch.lifecycle:runtime:1.0.0] AndroidManifest.xml:24:5-28:19
	android:supportsRtl
		ADDED from src\main\AndroidManifest.xml:18:9-35
	android:label
		ADDED from src\main\AndroidManifest.xml:16:9-41
	android:roundIcon
		ADDED from src\main\AndroidManifest.xml:17:9-54
	android:icon
		ADDED from src\main\AndroidManifest.xml:15:9-43
	android:allowBackup
		ADDED from src\main\AndroidManifest.xml:14:9-35
	android:theme
		ADDED from src\main\AndroidManifest.xml:19:9-65
meta-data#com.google.android.gms.ads.APPLICATION_ID
ADDED from src\main\AndroidManifest.xml:20:9-22:52
	android:value
		ADDED from src\main\AndroidManifest.xml:22:13-49
	android:name
		ADDED from src\main\AndroidManifest.xml:21:13-69
activity#com.grupomarostica.cloure.LoginActivity
ADDED from src\main\AndroidManifest.xml:24:9-32:20
	android:theme
		ADDED from src\main\AndroidManifest.xml:26:13-47
	android:name
		ADDED from src\main\AndroidManifest.xml:25:13-42
intent-filter#action:name:android.intent.action.MAIN+category:name:android.intent.category.LAUNCHER
ADDED from src\main\AndroidManifest.xml:27:13-31:29
action#android.intent.action.MAIN
ADDED from src\main\AndroidManifest.xml:28:17-69
	android:name
		ADDED from src\main\AndroidManifest.xml:28:25-66
category#android.intent.category.LAUNCHER
ADDED from src\main\AndroidManifest.xml:30:17-77
	android:name
		ADDED from src\main\AndroidManifest.xml:30:27-74
activity#com.grupomarostica.cloure.MainActivity
ADDED from src\main\AndroidManifest.xml:33:9-35:52
	android:screenOrientation
		ADDED from src\main\AndroidManifest.xml:35:13-49
	android:name
		ADDED from src\main\AndroidManifest.xml:34:13-41
activity#com.grupomarostica.cloure.BarcodeScanActivity
ADDED from src\main\AndroidManifest.xml:36:9-57
	android:name
		ADDED from src\main\AndroidManifest.xml:36:19-54
activity#com.grupomarostica.cloure.Modules.bands_artists.BandsArtistsAddActivity
ADDED from src\main\AndroidManifest.xml:37:9-83
	android:name
		ADDED from src\main\AndroidManifest.xml:37:19-80
activity#com.grupomarostica.cloure.Modules.finances.FinancesAddActivity
ADDED from src\main\AndroidManifest.xml:38:9-74
	android:name
		ADDED from src\main\AndroidManifest.xml:38:19-71
activity#com.grupomarostica.cloure.Modules.my_account.MyAccountChangePassActivity
ADDED from src\main\AndroidManifest.xml:39:9-84
	android:name
		ADDED from src\main\AndroidManifest.xml:39:19-81
activity#com.grupomarostica.cloure.Modules.products_services.ProductServiceAdd
ADDED from src\main\AndroidManifest.xml:40:9-81
	android:name
		ADDED from src\main\AndroidManifest.xml:40:19-78
activity#com.grupomarostica.cloure.Modules.products_services_categories.ProductCategoryN1AddActivity
ADDED from src\main\AndroidManifest.xml:41:9-103
	android:name
		ADDED from src\main\AndroidManifest.xml:41:19-100
activity#com.grupomarostica.cloure.Modules.products_services_categories.ProductCategoryN2AddActivity
ADDED from src\main\AndroidManifest.xml:42:9-103
	android:name
		ADDED from src\main\AndroidManifest.xml:42:19-100
activity#com.grupomarostica.cloure.Modules.maintenance_shifts.MaintenanceShiftsAddActivity
ADDED from src\main\AndroidManifest.xml:43:9-93
	android:name
		ADDED from src\main\AndroidManifest.xml:43:19-90
activity#com.grupomarostica.cloure.Modules.maintenance_shifts.MaintenanceShiftsFinishActivity
ADDED from src\main\AndroidManifest.xml:44:9-96
	android:name
		ADDED from src\main\AndroidManifest.xml:44:19-93
activity#com.grupomarostica.cloure.RegistrationActivity
ADDED from src\main\AndroidManifest.xml:45:9-58
	android:name
		ADDED from src\main\AndroidManifest.xml:45:19-55
activity#com.grupomarostica.cloure.Modules.users.UserAddActivity
ADDED from src\main\AndroidManifest.xml:46:9-67
	android:name
		ADDED from src\main\AndroidManifest.xml:46:19-64
activity#com.grupomarostica.cloure.Modules.users.UserSelection
ADDED from src\main\AndroidManifest.xml:47:9-65
	android:name
		ADDED from src\main\AndroidManifest.xml:47:19-62
activity#com.grupomarostica.cloure.Modules.users_groups.UsersGroupsAddActivity
ADDED from src\main\AndroidManifest.xml:48:9-81
	android:name
		ADDED from src\main\AndroidManifest.xml:48:19-78
activity#com.grupomarostica.cloure.Modules.maintenance_equipments_brands.MaintenanceEquipmentBrandAddActivity
ADDED from src\main\AndroidManifest.xml:49:9-112
	android:name
		ADDED from src\main\AndroidManifest.xml:49:19-109
activity#com.grupomarostica.cloure.Modules.maintanance_equipments_types.MaintananceEquipmentTypeAddActivity
ADDED from src\main\AndroidManifest.xml:50:9-110
	android:name
		ADDED from src\main\AndroidManifest.xml:50:19-107
activity#com.grupomarostica.cloure.Modules.transports.TransportAddActivity
ADDED from src\main\AndroidManifest.xml:51:9-77
	android:name
		ADDED from src\main\AndroidManifest.xml:51:19-74
activity#com.grupomarostica.cloure.Modules.receipts.ReceiptsDetailsActivity
ADDED from src\main\AndroidManifest.xml:52:9-78
	android:name
		ADDED from src\main\AndroidManifest.xml:52:19-75
activity#com.grupomarostica.cloure.Modules.banks.BankAddActivity
ADDED from src\main\AndroidManifest.xml:53:9-67
	android:name
		ADDED from src\main\AndroidManifest.xml:53:19-64
activity#com.grupomarostica.cloure.Modules.credit_cards.CreditCardAddActivity
ADDED from src\main\AndroidManifest.xml:54:9-80
	android:name
		ADDED from src\main\AndroidManifest.xml:54:19-77
activity#com.grupomarostica.cloure.Modules.debit_cards.DebitCardAddActivity
ADDED from src\main\AndroidManifest.xml:55:9-78
	android:name
		ADDED from src\main\AndroidManifest.xml:55:19-75
activity#com.grupomarostica.cloure.Modules.products_services.ProductsServicesPickerActivity
ADDED from src\main\AndroidManifest.xml:56:9-94
	android:name
		ADDED from src\main\AndroidManifest.xml:56:19-91
activity#com.grupomarostica.cloure.FiltersActivity
ADDED from src\main\AndroidManifest.xml:57:9-53
	android:name
		ADDED from src\main\AndroidManifest.xml:57:19-50
activity#com.grupomarostica.cloure.WebViewActivity
ADDED from src\main\AndroidManifest.xml:58:9-53
	android:name
		ADDED from src\main\AndroidManifest.xml:58:19-50
activity#com.grupomarostica.cloure.SplashActivity
ADDED from src\main\AndroidManifest.xml:59:9-52
	android:name
		ADDED from src\main\AndroidManifest.xml:59:19-49
activity#com.grupomarostica.cloure.Modules.company_branches.CompanyBranchesAddActivity
ADDED from src\main\AndroidManifest.xml:60:9-98
	android:name
		ADDED from src\main\AndroidManifest.xml:60:19-86
uses-sdk
INJECTED from src\main\AndroidManifest.xml reason: use-sdk injection requested
INJECTED from src\main\AndroidManifest.xml
INJECTED from src\main\AndroidManifest.xml
MERGED from [com.android.support:design:26.1.0] AndroidManifest.xml:21:5-23:62
MERGED from [com.android.support:design:26.1.0] AndroidManifest.xml:21:5-23:62
MERGED from [com.android.support:appcompat-v7:26.1.0] AndroidManifest.xml:21:5-23:78
MERGED from [com.android.support:appcompat-v7:26.1.0] AndroidManifest.xml:21:5-23:78
MERGED from [com.google.android.gms:play-services-ads:16.0.0] AndroidManifest.xml:21:5-23:62
MERGED from [com.google.android.gms:play-services-ads:16.0.0] AndroidManifest.xml:21:5-23:62
MERGED from [com.android.support.constraint:constraint-layout:1.1.3] AndroidManifest.xml:5:5-7:41
MERGED from [com.android.support.constraint:constraint-layout:1.1.3] AndroidManifest.xml:5:5-7:41
MERGED from [com.google.android.gms:play-services-ads-identifier:16.0.0] AndroidManifest.xml:20:5-44
MERGED from [com.google.android.gms:play-services-ads-identifier:16.0.0] AndroidManifest.xml:20:5-44
MERGED from [com.google.android.gms:play-services-ads-lite:16.0.0] AndroidManifest.xml:20:5-44
MERGED from [com.google.android.gms:play-services-ads-lite:16.0.0] AndroidManifest.xml:20:5-44
MERGED from [com.google.android.gms:play-services-gass:16.0.0] AndroidManifest.xml:5:5-44
MERGED from [com.google.android.gms:play-services-gass:16.0.0] AndroidManifest.xml:5:5-44
MERGED from [com.google.android.gms:play-services-basement:16.0.1] AndroidManifest.xml:20:5-44
MERGED from [com.google.android.gms:play-services-basement:16.0.1] AndroidManifest.xml:20:5-44
MERGED from [com.android.support:transition:26.1.0] AndroidManifest.xml:20:5-44
MERGED from [com.android.support:transition:26.1.0] AndroidManifest.xml:20:5-44
MERGED from [me.dm7.barcodescanner:zxing:1.9] AndroidManifest.xml:7:5-9:41
MERGED from [me.dm7.barcodescanner:zxing:1.9] AndroidManifest.xml:7:5-9:41
MERGED from [me.dm7.barcodescanner:core:1.9] AndroidManifest.xml:7:5-9:41
MERGED from [me.dm7.barcodescanner:core:1.9] AndroidManifest.xml:7:5-9:41
MERGED from [com.android.support:support-v4:26.1.0] AndroidManifest.xml:21:5-23:54
MERGED from [com.android.support:support-v4:26.1.0] AndroidManifest.xml:21:5-23:54
MERGED from [com.android.billingclient:billing:1.1] AndroidManifest.xml:6:5-8:41
MERGED from [com.android.billingclient:billing:1.1] AndroidManifest.xml:6:5-8:41
MERGED from [com.android.support:animated-vector-drawable:26.1.0] AndroidManifest.xml:20:5-44
MERGED from [com.android.support:animated-vector-drawable:26.1.0] AndroidManifest.xml:20:5-44
MERGED from [com.android.support:support-vector-drawable:26.1.0] AndroidManifest.xml:20:5-44
MERGED from [com.android.support:support-vector-drawable:26.1.0] AndroidManifest.xml:20:5-44
MERGED from [com.android.support:customtabs:26.1.0] AndroidManifest.xml:20:5-44
MERGED from [com.android.support:customtabs:26.1.0] AndroidManifest.xml:20:5-44
MERGED from [com.android.support:recyclerview-v7:26.1.0] AndroidManifest.xml:20:5-44
MERGED from [com.android.support:recyclerview-v7:26.1.0] AndroidManifest.xml:20:5-44
MERGED from [com.android.support:support-fragment:26.1.0] AndroidManifest.xml:21:5-23:60
MERGED from [com.android.support:support-fragment:26.1.0] AndroidManifest.xml:21:5-23:60
MERGED from [com.android.support:support-core-ui:26.1.0] AndroidManifest.xml:21:5-23:58
MERGED from [com.android.support:support-core-ui:26.1.0] AndroidManifest.xml:21:5-23:58
MERGED from [com.android.support:support-media-compat:26.1.0] AndroidManifest.xml:21:5-23:63
MERGED from [com.android.support:support-media-compat:26.1.0] AndroidManifest.xml:21:5-23:63
MERGED from [com.android.support:support-core-utils:26.1.0] AndroidManifest.xml:21:5-23:61
MERGED from [com.android.support:support-core-utils:26.1.0] AndroidManifest.xml:21:5-23:61
MERGED from [com.android.support:support-compat:26.1.0] AndroidManifest.xml:21:5-23:58
MERGED from [com.android.support:support-compat:26.1.0] AndroidManifest.xml:21:5-23:58
MERGED from [com.google.android.gms:play-services-ads-base:16.0.0] AndroidManifest.xml:20:5-44
MERGED from [com.google.android.gms:play-services-ads-base:16.0.0] AndroidManifest.xml:20:5-44
MERGED from [android.arch.lifecycle:runtime:1.0.0] AndroidManifest.xml:20:5-22:41
MERGED from [android.arch.lifecycle:runtime:1.0.0] AndroidManifest.xml:20:5-22:41
INJECTED from src\main\AndroidManifest.xml
INJECTED from src\main\AndroidManifest.xml
	tools:overrideLibrary
		ADDED from [com.android.support:design:26.1.0] AndroidManifest.xml:23:9-59
	android:targetSdkVersion
		INJECTED from src\main\AndroidManifest.xml
		ADDED from src\main\AndroidManifest.xml
		INJECTED from src\main\AndroidManifest.xml
	android:minSdkVersion
		INJECTED from src\main\AndroidManifest.xml
		ADDED from src\main\AndroidManifest.xml
		INJECTED from src\main\AndroidManifest.xml
meta-data#android.support.VERSION
ADDED from [com.android.support:design:26.1.0] AndroidManifest.xml:26:9-28:38
MERGED from [com.android.support:appcompat-v7:26.1.0] AndroidManifest.xml:26:9-28:38
MERGED from [com.android.support:appcompat-v7:26.1.0] AndroidManifest.xml:26:9-28:38
MERGED from [com.android.support:transition:26.1.0] AndroidManifest.xml:23:9-25:38
MERGED from [com.android.support:transition:26.1.0] AndroidManifest.xml:23:9-25:38
MERGED from [com.android.support:support-v4:26.1.0] AndroidManifest.xml:26:9-28:38
MERGED from [com.android.support:support-v4:26.1.0] AndroidManifest.xml:26:9-28:38
MERGED from [com.android.support:animated-vector-drawable:26.1.0] AndroidManifest.xml:23:9-25:38
MERGED from [com.android.support:animated-vector-drawable:26.1.0] AndroidManifest.xml:23:9-25:38
MERGED from [com.android.support:support-vector-drawable:26.1.0] AndroidManifest.xml:23:9-25:38
MERGED from [com.android.support:support-vector-drawable:26.1.0] AndroidManifest.xml:23:9-25:38
MERGED from [com.android.support:customtabs:26.1.0] AndroidManifest.xml:23:9-25:38
MERGED from [com.android.support:customtabs:26.1.0] AndroidManifest.xml:23:9-25:38
MERGED from [com.android.support:recyclerview-v7:26.1.0] AndroidManifest.xml:23:9-25:38
MERGED from [com.android.support:recyclerview-v7:26.1.0] AndroidManifest.xml:23:9-25:38
MERGED from [com.android.support:support-fragment:26.1.0] AndroidManifest.xml:26:9-28:38
MERGED from [com.android.support:support-fragment:26.1.0] AndroidManifest.xml:26:9-28:38
MERGED from [com.android.support:support-core-ui:26.1.0] AndroidManifest.xml:26:9-28:38
MERGED from [com.android.support:support-core-ui:26.1.0] AndroidManifest.xml:26:9-28:38
MERGED from [com.android.support:support-media-compat:26.1.0] AndroidManifest.xml:26:9-28:38
MERGED from [com.android.support:support-media-compat:26.1.0] AndroidManifest.xml:26:9-28:38
MERGED from [com.android.support:support-core-utils:26.1.0] AndroidManifest.xml:26:9-28:38
MERGED from [com.android.support:support-core-utils:26.1.0] AndroidManifest.xml:26:9-28:38
MERGED from [com.android.support:support-compat:26.1.0] AndroidManifest.xml:26:9-28:38
MERGED from [com.android.support:support-compat:26.1.0] AndroidManifest.xml:26:9-28:38
	android:value
		ADDED from [com.android.support:design:26.1.0] AndroidManifest.xml:28:13-35
	android:name
		ADDED from [com.android.support:design:26.1.0] AndroidManifest.xml:27:13-51
activity#com.google.android.gms.ads.AdActivity
ADDED from [com.google.android.gms:play-services-ads-lite:16.0.0] AndroidManifest.xml:29:9-33:64
	android:exported
		ADDED from [com.google.android.gms:play-services-ads-lite:16.0.0] AndroidManifest.xml:32:13-37
	android:configChanges
		ADDED from [com.google.android.gms:play-services-ads-lite:16.0.0] AndroidManifest.xml:31:13-122
	android:theme
		ADDED from [com.google.android.gms:play-services-ads-lite:16.0.0] AndroidManifest.xml:33:13-61
	android:name
		ADDED from [com.google.android.gms:play-services-ads-lite:16.0.0] AndroidManifest.xml:30:13-65
meta-data#com.google.android.gms.version
ADDED from [com.google.android.gms:play-services-basement:16.0.1] AndroidManifest.xml:23:9-25:69
	android:value
		ADDED from [com.google.android.gms:play-services-basement:16.0.1] AndroidManifest.xml:25:13-66
	android:name
		ADDED from [com.google.android.gms:play-services-basement:16.0.1] AndroidManifest.xml:24:13-58
activity#com.android.billingclient.api.ProxyBillingActivity
ADDED from [com.android.billingclient:billing:1.1] AndroidManifest.xml:13:9-16:75
	android:configChanges
		ADDED from [com.android.billingclient:billing:1.1] AndroidManifest.xml:15:13-96
	android:theme
		ADDED from [com.android.billingclient:billing:1.1] AndroidManifest.xml:16:13-72
	android:name
		ADDED from [com.android.billingclient:billing:1.1] AndroidManifest.xml:14:13-78
meta-data#android.arch.lifecycle.VERSION
ADDED from [android.arch.lifecycle:runtime:1.0.0] AndroidManifest.xml:25:9-27:47
	android:value
		ADDED from [android.arch.lifecycle:runtime:1.0.0] AndroidManifest.xml:27:13-44
	android:name
		ADDED from [android.arch.lifecycle:runtime:1.0.0] AndroidManifest.xml:26:13-58